<?xml version="1.0" encoding="UTF-8"?>
<testng-results skipped="2" failed="0" total="3" passed="1">
  <reporter-output>
  </reporter-output>
  <suite name="TestSuite" duration-ms="59715" started-at="2017-09-08T19:13:35Z" finished-at="2017-09-08T19:14:35Z">
    <groups>
    </groups>
    <test name="IETest" duration-ms="1435" started-at="2017-09-08T19:13:35Z" finished-at="2017-09-08T19:13:36Z">
      <class name="GmailCrossBrowser.GmailLogin">
        <test-method status="FAIL" signature="setup(java.lang.String)[pri:0, instance:GmailCrossBrowser.GmailLogin@26be92ad]" name="setup" is-config="true" duration-ms="0" started-at="2017-09-08T15:13:35Z" finished-at="2017-09-08T15:13:35Z">
          <params>
            <param index="0">
              <value>
                <![CDATA[IE]]>
              </value>
            </param>
          </params>
          <exception class="java.lang.IllegalStateException">
            <message>
              <![CDATA[The driver executable does not exist: C:\Users\USER\Downloads\selenium_releated\selenium-2.53.1\IEdriver.exe]]>
            </message>
            <full-stacktrace>
              <![CDATA[java.lang.IllegalStateException: The driver executable does not exist: C:\Users\USER\Downloads\selenium_releated\selenium-2.53.1\IEdriver.exe
	at com.google.common.base.Preconditions.checkState(Preconditions.java:199)
	at org.openqa.selenium.remote.service.DriverService.checkExecutable(DriverService.java:121)
	at org.openqa.selenium.remote.service.DriverService.findExecutable(DriverService.java:116)
	at org.openqa.selenium.ie.InternetExplorerDriverService.access$0(InternetExplorerDriverService.java:1)
	at org.openqa.selenium.ie.InternetExplorerDriverService$Builder.findDefaultExecutable(InternetExplorerDriverService.java:167)
	at org.openqa.selenium.remote.service.DriverService$Builder.build(DriverService.java:296)
	at org.openqa.selenium.ie.InternetExplorerDriver.setupService(InternetExplorerDriver.java:251)
	at org.openqa.selenium.ie.InternetExplorerDriver.<init>(InternetExplorerDriver.java:172)
	at org.openqa.selenium.ie.InternetExplorerDriver.<init>(InternetExplorerDriver.java:146)
	at GmailCrossBrowser.GmailLogin.setup(GmailLogin.java:76)
	at sun.reflect.NativeMethodAccessorImpl.invoke0(Native Method)
	at sun.reflect.NativeMethodAccessorImpl.invoke(Unknown Source)
	at sun.reflect.DelegatingMethodAccessorImpl.invoke(Unknown Source)
	at java.lang.reflect.Method.invoke(Unknown Source)
	at org.testng.internal.MethodInvocationHelper.invokeMethod(MethodInvocationHelper.java:86)
	at org.testng.internal.Invoker.invokeConfigurationMethod(Invoker.java:514)
	at org.testng.internal.Invoker.invokeConfigurations(Invoker.java:215)
	at org.testng.internal.Invoker.invokeConfigurations(Invoker.java:142)
	at org.testng.TestRunner.beforeRun(TestRunner.java:656)
	at org.testng.TestRunner.run(TestRunner.java:624)
	at org.testng.SuiteRunner.runTest(SuiteRunner.java:366)
	at org.testng.SuiteRunner.access$000(SuiteRunner.java:39)
	at org.testng.SuiteRunner$SuiteWorker.run(SuiteRunner.java:400)
	at org.testng.internal.thread.ThreadUtil$2.call(ThreadUtil.java:64)
	at java.util.concurrent.FutureTask.run(Unknown Source)
	at java.util.concurrent.ThreadPoolExecutor.runWorker(Unknown Source)
	at java.util.concurrent.ThreadPoolExecutor$Worker.run(Unknown Source)
	at java.lang.Thread.run(Unknown Source)
]]>
            </full-stacktrace>
          </exception> <!-- java.lang.IllegalStateException -->
          <reporter-output>
          </reporter-output>
        </test-method> <!-- setup -->
        <test-method status="SKIP" signature="testParameterWithXML()[pri:0, instance:GmailCrossBrowser.GmailLogin@26be92ad]" name="testParameterWithXML" duration-ms="8" started-at="2017-09-08T15:13:36Z" finished-at="2017-09-08T15:13:36Z">
          <reporter-output>
          </reporter-output>
        </test-method> <!-- testParameterWithXML -->
      </class> <!-- GmailCrossBrowser.GmailLogin -->
    </test> <!-- IETest -->
    <test name="ChromeTest" duration-ms="47020" started-at="2017-09-08T19:13:35Z" finished-at="2017-09-08T19:14:22Z">
      <class name="GmailCrossBrowser.GmailLogin">
        <test-method status="PASS" signature="setup(java.lang.String)[pri:0, instance:GmailCrossBrowser.GmailLogin@58651fd0]" name="setup" is-config="true" duration-ms="38500" started-at="2017-09-08T15:13:35Z" finished-at="2017-09-08T15:14:14Z">
          <params>
            <param index="0">
              <value>
                <![CDATA[Chrome]]>
              </value>
            </param>
          </params>
          <reporter-output>
          </reporter-output>
        </test-method> <!-- setup -->
        <test-method status="PASS" signature="testParameterWithXML()[pri:0, instance:GmailCrossBrowser.GmailLogin@58651fd0]" name="testParameterWithXML" duration-ms="8496" started-at="2017-09-08T15:14:14Z" finished-at="2017-09-08T15:14:22Z">
          <reporter-output>
          </reporter-output>
        </test-method> <!-- testParameterWithXML -->
      </class> <!-- GmailCrossBrowser.GmailLogin -->
    </test> <!-- ChromeTest -->
    <test name="FirefoxTest" duration-ms="59715" started-at="2017-09-08T19:13:35Z" finished-at="2017-09-08T19:14:35Z">
      <class name="GmailCrossBrowser.GmailLogin">
        <test-method status="FAIL" signature="setup(java.lang.String)[pri:0, instance:GmailCrossBrowser.GmailLogin@8bd1b6a]" name="setup" is-config="true" duration-ms="0" started-at="2017-09-08T15:13:35Z" finished-at="2017-09-08T15:13:35Z">
          <params>
            <param index="0">
              <value>
                <![CDATA[Firefox]]>
              </value>
            </param>
          </params>
          <exception class="org.openqa.selenium.WebDriverException">
            <message>
              <![CDATA[Failed to connect to binary FirefoxBinary(C:\Program Files\Mozilla Firefox\firefox.exe) on port 7055; process output follows: 
classic/1.0","updateURL":null,"updateKey":null,"optionsURL":null,"optionsType":null,"aboutURL":null,"icons":{"32":"icon.png","48":"icon.png"},"iconURL":null,"icon64URL":null,"defaultLocale":{"name":"Default","description":"The default theme.","creator":"Mozilla","homepageURL":null,"contributors":["Mozilla Contributors"]},"visible":true,"active":true,"userDisabled":false,"appDisabled":false,"descriptor":"C:\\Program Files\\Mozilla Firefox\\browser\\extensions\\{972ce4c6-7e08-4474-a285-3208198ce6fd}.xpi","installDate":1461281498000,"updateDate":1461281498000,"applyBackgroundUpdates":1,"skinnable":true,"size":22006,"sourceURI":null,"releaseNotesURI":null,"softDisabled":false,"foreignInstall":false,"hasBinaryComponents":false,"strictCompatibility":true,"locales":[],"targetApplications":[{"id":"{ec8030f7-c20a-464f-9b0e-13a3a9e97384}","minVersion":"46.0","maxVersion":"46.0"}],"targetPlatforms":[],"seen":true}
1504898039752	addons.xpi	DEBUG	getModTime: Recursive scan of {972ce4c6-7e08-4474-a285-3208198ce6fd}
1504898039756	DeferredSave.extensions.json	DEBUG	Save changes
1504898039757	addons.xpi	DEBUG	Updating database with changes to installed add-ons
1504898039757	addons.xpi-utils	DEBUG	Updating add-on states
1504898039762	addons.xpi-utils	DEBUG	Writing add-ons list
1504898039773	addons.xpi	DEBUG	Registering manifest for C:\Program Files\Mozilla Firefox\browser\features\e10srollout@mozilla.org.xpi
1504898039775	addons.xpi	DEBUG	Calling bootstrap method startup on e10srollout@mozilla.org version 1.0
1504898039776	addons.xpi	DEBUG	Registering manifest for C:\Program Files\Mozilla Firefox\browser\features\firefox@getpocket.com.xpi
1504898039778	addons.xpi	DEBUG	Calling bootstrap method startup on firefox@getpocket.com version 1.0
1504898039781	addons.xpi	DEBUG	Registering manifest for C:\Program Files\Mozilla Firefox\browser\features\loop@mozilla.org.xpi
1504898039783	addons.xpi	DEBUG	Calling bootstrap method startup on loop@mozilla.org version 1.2.6
1504898039854	addons.manager	DEBUG	Registering shutdown blocker for XPIProvider
1504898039856	addons.manager	DEBUG	Provider finished startup: XPIProvider
1504898039856	addons.manager	DEBUG	Starting provider: LightweightThemeManager
1504898039856	addons.manager	DEBUG	Registering shutdown blocker for LightweightThemeManager
1504898039857	addons.manager	DEBUG	Provider finished startup: LightweightThemeManager
1504898039859	addons.manager	DEBUG	Starting provider: GMPProvider
1504898039881	addons.manager	DEBUG	Registering shutdown blocker for GMPProvider
1504898039882	addons.manager	DEBUG	Provider finished startup: GMPProvider
1504898039882	addons.manager	DEBUG	Starting provider: PluginProvider
1504898039883	addons.manager	DEBUG	Registering shutdown blocker for PluginProvider
1504898039884	addons.manager	DEBUG	Provider finished startup: PluginProvider
1504898039886	addons.manager	DEBUG	Completed startup sequence
1504898059494	addons.manager	DEBUG	Starting provider: <unnamed-provider>
1504898059495	addons.manager	DEBUG	Registering shutdown blocker for <unnamed-provider>
1504898059496	addons.manager	DEBUG	Provider finished startup: <unnamed-provider>
1504898068565	DeferredSave.extensions.json	DEBUG	Write succeeded
1504898068566	addons.xpi-utils	DEBUG	XPI Database saved, setting schema version preference to 17
1504898068568	DeferredSave.extensions.json	DEBUG	Starting timer
1504898068623	DeferredSave.extensions.json	DEBUG	Starting write
1504898068667	addons.repository	DEBUG	No addons.json found.
1504898068707	DeferredSave.addons.json	DEBUG	Save changes
1504898068739	DeferredSave.addons.json	DEBUG	Starting timer
1504898070065	addons.manager	DEBUG	Starting provider: PreviousExperimentProvider
1504898070066	addons.manager	DEBUG	Registering shutdown blocker for PreviousExperimentProvider
1504898070067	addons.manager	DEBUG	Provider finished startup: PreviousExperimentProvider
1504898070151	DeferredSave.addons.json	DEBUG	Starting write
1504898070176	DeferredSave.extensions.json	DEBUG	Write succeeded
1504898070529	DeferredSave.addons.json	DEBUG	Write succeeded

Build info: version: '2.53.1', revision: 'a36b8b1', time: '2016-06-30 17:32:46'
System info: host: 'US', ip: '192.168.0.11', os.name: 'Windows 8', os.arch: 'amd64', os.version: '6.2', java.version: '1.8.0_91'
Driver info: driver.version: FirefoxDriver]]>
            </message>
            <full-stacktrace>
              <![CDATA[org.openqa.selenium.WebDriverException: Failed to connect to binary FirefoxBinary(C:\Program Files\Mozilla Firefox\firefox.exe) on port 7055; process output follows: 
classic/1.0","updateURL":null,"updateKey":null,"optionsURL":null,"optionsType":null,"aboutURL":null,"icons":{"32":"icon.png","48":"icon.png"},"iconURL":null,"icon64URL":null,"defaultLocale":{"name":"Default","description":"The default theme.","creator":"Mozilla","homepageURL":null,"contributors":["Mozilla Contributors"]},"visible":true,"active":true,"userDisabled":false,"appDisabled":false,"descriptor":"C:\\Program Files\\Mozilla Firefox\\browser\\extensions\\{972ce4c6-7e08-4474-a285-3208198ce6fd}.xpi","installDate":1461281498000,"updateDate":1461281498000,"applyBackgroundUpdates":1,"skinnable":true,"size":22006,"sourceURI":null,"releaseNotesURI":null,"softDisabled":false,"foreignInstall":false,"hasBinaryComponents":false,"strictCompatibility":true,"locales":[],"targetApplications":[{"id":"{ec8030f7-c20a-464f-9b0e-13a3a9e97384}","minVersion":"46.0","maxVersion":"46.0"}],"targetPlatforms":[],"seen":true}
1504898039752	addons.xpi	DEBUG	getModTime: Recursive scan of {972ce4c6-7e08-4474-a285-3208198ce6fd}
1504898039756	DeferredSave.extensions.json	DEBUG	Save changes
1504898039757	addons.xpi	DEBUG	Updating database with changes to installed add-ons
1504898039757	addons.xpi-utils	DEBUG	Updating add-on states
1504898039762	addons.xpi-utils	DEBUG	Writing add-ons list
1504898039773	addons.xpi	DEBUG	Registering manifest for C:\Program Files\Mozilla Firefox\browser\features\e10srollout@mozilla.org.xpi
1504898039775	addons.xpi	DEBUG	Calling bootstrap method startup on e10srollout@mozilla.org version 1.0
1504898039776	addons.xpi	DEBUG	Registering manifest for C:\Program Files\Mozilla Firefox\browser\features\firefox@getpocket.com.xpi
1504898039778	addons.xpi	DEBUG	Calling bootstrap method startup on firefox@getpocket.com version 1.0
1504898039781	addons.xpi	DEBUG	Registering manifest for C:\Program Files\Mozilla Firefox\browser\features\loop@mozilla.org.xpi
1504898039783	addons.xpi	DEBUG	Calling bootstrap method startup on loop@mozilla.org version 1.2.6
1504898039854	addons.manager	DEBUG	Registering shutdown blocker for XPIProvider
1504898039856	addons.manager	DEBUG	Provider finished startup: XPIProvider
1504898039856	addons.manager	DEBUG	Starting provider: LightweightThemeManager
1504898039856	addons.manager	DEBUG	Registering shutdown blocker for LightweightThemeManager
1504898039857	addons.manager	DEBUG	Provider finished startup: LightweightThemeManager
1504898039859	addons.manager	DEBUG	Starting provider: GMPProvider
1504898039881	addons.manager	DEBUG	Registering shutdown blocker for GMPProvider
1504898039882	addons.manager	DEBUG	Provider finished startup: GMPProvider
1504898039882	addons.manager	DEBUG	Starting provider: PluginProvider
1504898039883	addons.manager	DEBUG	Registering shutdown blocker for PluginProvider
1504898039884	addons.manager	DEBUG	Provider finished startup: PluginProvider
1504898039886	addons.manager	DEBUG	Completed startup sequence
1504898059494	addons.manager	DEBUG	Starting provider: <unnamed-provider>
1504898059495	addons.manager	DEBUG	Registering shutdown blocker for <unnamed-provider>
1504898059496	addons.manager	DEBUG	Provider finished startup: <unnamed-provider>
1504898068565	DeferredSave.extensions.json	DEBUG	Write succeeded
1504898068566	addons.xpi-utils	DEBUG	XPI Database saved, setting schema version preference to 17
1504898068568	DeferredSave.extensions.json	DEBUG	Starting timer
1504898068623	DeferredSave.extensions.json	DEBUG	Starting write
1504898068667	addons.repository	DEBUG	No addons.json found.
1504898068707	DeferredSave.addons.json	DEBUG	Save changes
1504898068739	DeferredSave.addons.json	DEBUG	Starting timer
1504898070065	addons.manager	DEBUG	Starting provider: PreviousExperimentProvider
1504898070066	addons.manager	DEBUG	Registering shutdown blocker for PreviousExperimentProvider
1504898070067	addons.manager	DEBUG	Provider finished startup: PreviousExperimentProvider
1504898070151	DeferredSave.addons.json	DEBUG	Starting write
1504898070176	DeferredSave.extensions.json	DEBUG	Write succeeded
1504898070529	DeferredSave.addons.json	DEBUG	Write succeeded

Build info: version: '2.53.1', revision: 'a36b8b1', time: '2016-06-30 17:32:46'
System info: host: 'US', ip: '192.168.0.11', os.name: 'Windows 8', os.arch: 'amd64', os.version: '6.2', java.version: '1.8.0_91'
Driver info: driver.version: FirefoxDriver
	at org.openqa.selenium.firefox.internal.NewProfileExtensionConnection.start(NewProfileExtensionConnection.java:124)
	at org.openqa.selenium.firefox.FirefoxDriver.startClient(FirefoxDriver.java:271)
	at org.openqa.selenium.remote.RemoteWebDriver.<init>(RemoteWebDriver.java:119)
	at org.openqa.selenium.firefox.FirefoxDriver.<init>(FirefoxDriver.java:218)
	at org.openqa.selenium.firefox.FirefoxDriver.<init>(FirefoxDriver.java:211)
	at org.openqa.selenium.firefox.FirefoxDriver.<init>(FirefoxDriver.java:207)
	at org.openqa.selenium.firefox.FirefoxDriver.<init>(FirefoxDriver.java:120)
	at GmailCrossBrowser.GmailLogin.setup(GmailLogin.java:46)
	at sun.reflect.NativeMethodAccessorImpl.invoke0(Native Method)
	at sun.reflect.NativeMethodAccessorImpl.invoke(Unknown Source)
	at sun.reflect.DelegatingMethodAccessorImpl.invoke(Unknown Source)
	at java.lang.reflect.Method.invoke(Unknown Source)
	at org.testng.internal.MethodInvocationHelper.invokeMethod(MethodInvocationHelper.java:86)
	at org.testng.internal.Invoker.invokeConfigurationMethod(Invoker.java:514)
	at org.testng.internal.Invoker.invokeConfigurations(Invoker.java:215)
	at org.testng.internal.Invoker.invokeConfigurations(Invoker.java:142)
	at org.testng.TestRunner.beforeRun(TestRunner.java:656)
	at org.testng.TestRunner.run(TestRunner.java:624)
	at org.testng.SuiteRunner.runTest(SuiteRunner.java:366)
	at org.testng.SuiteRunner.access$000(SuiteRunner.java:39)
	at org.testng.SuiteRunner$SuiteWorker.run(SuiteRunner.java:400)
	at org.testng.internal.thread.ThreadUtil$2.call(ThreadUtil.java:64)
	at java.util.concurrent.FutureTask.run(Unknown Source)
	at java.util.concurrent.ThreadPoolExecutor.runWorker(Unknown Source)
	at java.util.concurrent.ThreadPoolExecutor$Worker.run(Unknown Source)
	at java.lang.Thread.run(Unknown Source)
Caused by: org.openqa.selenium.firefox.NotConnectedException: Unable to connect to host 127.0.0.1 on port 7055 after 45000 ms. Firefox console output:
classic/1.0","updateURL":null,"updateKey":null,"optionsURL":null,"optionsType":null,"aboutURL":null,"icons":{"32":"icon.png","48":"icon.png"},"iconURL":null,"icon64URL":null,"defaultLocale":{"name":"Default","description":"The default theme.","creator":"Mozilla","homepageURL":null,"contributors":["Mozilla Contributors"]},"visible":true,"active":true,"userDisabled":false,"appDisabled":false,"descriptor":"C:\\Program Files\\Mozilla Firefox\\browser\\extensions\\{972ce4c6-7e08-4474-a285-3208198ce6fd}.xpi","installDate":1461281498000,"updateDate":1461281498000,"applyBackgroundUpdates":1,"skinnable":true,"size":22006,"sourceURI":null,"releaseNotesURI":null,"softDisabled":false,"foreignInstall":false,"hasBinaryComponents":false,"strictCompatibility":true,"locales":[],"targetApplications":[{"id":"{ec8030f7-c20a-464f-9b0e-13a3a9e97384}","minVersion":"46.0","maxVersion":"46.0"}],"targetPlatforms":[],"seen":true}
1504898039752	addons.xpi	DEBUG	getModTime: Recursive scan of {972ce4c6-7e08-4474-a285-3208198ce6fd}
1504898039756	DeferredSave.extensions.json	DEBUG	Save changes
1504898039757	addons.xpi	DEBUG	Updating database with changes to installed add-ons
1504898039757	addons.xpi-utils	DEBUG	Updating add-on states
1504898039762	addons.xpi-utils	DEBUG	Writing add-ons list
1504898039773	addons.xpi	DEBUG	Registering manifest for C:\Program Files\Mozilla Firefox\browser\features\e10srollout@mozilla.org.xpi
1504898039775	addons.xpi	DEBUG	Calling bootstrap method startup on e10srollout@mozilla.org version 1.0
1504898039776	addons.xpi	DEBUG	Registering manifest for C:\Program Files\Mozilla Firefox\browser\features\firefox@getpocket.com.xpi
1504898039778	addons.xpi	DEBUG	Calling bootstrap method startup on firefox@getpocket.com version 1.0
1504898039781	addons.xpi	DEBUG	Registering manifest for C:\Program Files\Mozilla Firefox\browser\features\loop@mozilla.org.xpi
1504898039783	addons.xpi	DEBUG	Calling bootstrap method startup on loop@mozilla.org version 1.2.6
1504898039854	addons.manager	DEBUG	Registering shutdown blocker for XPIProvider
1504898039856	addons.manager	DEBUG	Provider finished startup: XPIProvider
1504898039856	addons.manager	DEBUG	Starting provider: LightweightThemeManager
1504898039856	addons.manager	DEBUG	Registering shutdown blocker for LightweightThemeManager
1504898039857	addons.manager	DEBUG	Provider finished startup: LightweightThemeManager
1504898039859	addons.manager	DEBUG	Starting provider: GMPProvider
1504898039881	addons.manager	DEBUG	Registering shutdown blocker for GMPProvider
1504898039882	addons.manager	DEBUG	Provider finished startup: GMPProvider
1504898039882	addons.manager	DEBUG	Starting provider: PluginProvider
1504898039883	addons.manager	DEBUG	Registering shutdown blocker for PluginProvider
1504898039884	addons.manager	DEBUG	Provider finished startup: PluginProvider
1504898039886	addons.manager	DEBUG	Completed startup sequence
1504898059494	addons.manager	DEBUG	Starting provider: <unnamed-provider>
1504898059495	addons.manager	DEBUG	Registering shutdown blocker for <unnamed-provider>
1504898059496	addons.manager	DEBUG	Provider finished startup: <unnamed-provider>
1504898068565	DeferredSave.extensions.json	DEBUG	Write succeeded
1504898068566	addons.xpi-utils	DEBUG	XPI Database saved, setting schema version preference to 17
1504898068568	DeferredSave.extensions.json	DEBUG	Starting timer
1504898068623	DeferredSave.extensions.json	DEBUG	Starting write
1504898068667	addons.repository	DEBUG	No addons.json found.
1504898068707	DeferredSave.addons.json	DEBUG	Save changes
1504898068739	DeferredSave.addons.json	DEBUG	Starting timer
1504898070065	addons.manager	DEBUG	Starting provider: PreviousExperimentProvider
1504898070066	addons.manager	DEBUG	Registering shutdown blocker for PreviousExperimentProvider
1504898070067	addons.manager	DEBUG	Provider finished startup: PreviousExperimentProvider
1504898070151	DeferredSave.addons.json	DEBUG	Starting write
1504898070176	DeferredSave.extensions.json	DEBUG	Write succeeded
1504898070529	DeferredSave.addons.json	DEBUG	Write succeeded

	at org.openqa.selenium.firefox.internal.NewProfileExtensionConnection.start(NewProfileExtensionConnection.java:112)
	... 25 more
]]>
            </full-stacktrace>
          </exception> <!-- org.openqa.selenium.WebDriverException -->
          <reporter-output>
          </reporter-output>
        </test-method> <!-- setup -->
        <test-method status="SKIP" signature="testParameterWithXML()[pri:0, instance:GmailCrossBrowser.GmailLogin@8bd1b6a]" name="testParameterWithXML" duration-ms="16" started-at="2017-09-08T15:14:35Z" finished-at="2017-09-08T15:14:35Z">
          <reporter-output>
          </reporter-output>
        </test-method> <!-- testParameterWithXML -->
      </class> <!-- GmailCrossBrowser.GmailLogin -->
    </test> <!-- FirefoxTest -->
  </suite> <!-- TestSuite -->
</testng-results>
